<?xml version="1.0" encoding="UTF-8"?>
<!-- Generated by org.testng.reporters.JUnitXMLReporter -->
<testsuite hostname="DESKTOP-V2CRMJS" name="Command line test" tests="9" failures="0" timestamp="23 Mar 2019 03:32:17 GMT" time="504.482" errors="0">
  <testcase name="testBrandTestCase7" time="84.938" classname="test.com.CostcoTest"/>
  <testcase name="testCostco7" time="47.168" classname="test.com.CostcoTest"/>
  <testcase name="testCostcoLogin1" time="59.095" classname="test.com.CostcoTest"/>
  <testcase name="testCostcoTest2" time="21.812" classname="test.com.CostcoTest"/>
  <testcase name="testCostcoTest3" time="20.065" classname="test.com.CostcoTest"/>
  <testcase name="testCostcoTest4" time="66.73" classname="test.com.CostcoTest"/>
  <testcase name="testCostcoTest5" time="46.724" classname="test.com.CostcoTest"/>
  <testcase name="testCostcoTest6" time="9.094" classname="test.com.CostcoTest"/>
  <testcase name="testCostcoTest9" time="112.78" classname="test.com.CostcoTest"/>
</testsuite> <!-- Command line test -->
